2022-05-14 17:56:58,367 - tensorflow - WARNING - From tempoGAN.py:258: The name tf.set_random_seed is deprecated. Please use tf.compat.v1.set_random_seed instead.

2022-05-14 17:56:59,117 - tensorflow - WARNING - From tempoGAN.py:312: The name tf.placeholder is deprecated. Please use tf.compat.v1.placeholder instead.

2022-05-14 17:56:59,120 - tensorflow - WARNING - From tempoGAN.py:357: The name tf.variable_scope is deprecated. Please use tf.compat.v1.variable_scope instead.

2022-05-14 17:56:59,136 - tensorflow - WARNING - From /mnt/c/Work/22-04_tempoGAN_2/tensorflow/tempoGAN/../tools/GAN.py:361: The name tf.get_variable is deprecated. Please use tf.compat.v1.get_variable instead.

2022-05-14 17:56:59,143 - tensorflow - WARNING - 
The TensorFlow contrib module will not be included in TensorFlow 2.0.
For more information, please see:
  * https://github.com/tensorflow/community/blob/master/rfcs/20180907-contrib-sunset.md
  * https://github.com/tensorflow/addons
  * https://github.com/tensorflow/io (for I/O related ops)
If you depend on functionality not listed there, please file an issue.

2022-05-14 17:56:59,358 - tensorflow - WARNING - From /mnt/c/Work/22-04_tempoGAN_2/tensorflow/tempoGAN/../tools/GAN.py:104: The name tf.get_variable_scope is deprecated. Please use tf.compat.v1.get_variable_scope instead.

2022-05-14 17:56:59,359 - tensorflow - WARNING - From /home/martin/miniconda3/envs/tempoGAN/lib/python3.7/site-packages/tensorflow_core/contrib/layers/python/layers/layers.py:650: Layer.apply (from tensorflow.python.keras.engine.base_layer) is deprecated and will be removed in a future version.
Instructions for updating:
Please use `layer.__call__` method instead.
2022-05-14 17:56:59,665 - tensorflow - WARNING - From tempoGAN.py:759: The name tf.ConfigProto is deprecated. Please use tf.compat.v1.ConfigProto instead.

2022-05-14 17:56:59,666 - tensorflow - WARNING - From tempoGAN.py:764: The name tf.InteractiveSession is deprecated. Please use tf.compat.v1.InteractiveSession instead.

2022-05-14 17:57:02,718 - tensorflow - WARNING - From tempoGAN.py:765: The name tf.train.Saver is deprecated. Please use tf.compat.v1.train.Saver instead.

2022-05-14 17:57:02,758 - tensorflow - INFO - Restoring parameters from ../3ddata_gan/test_0000/model_0034.ckpt
2022-05-14 17:57:49,759 - tensorflow - WARNING - From tempoGAN.py:259: The name tf.set_random_seed is deprecated. Please use tf.compat.v1.set_random_seed instead.

2022-05-14 17:57:50,531 - tensorflow - WARNING - From tempoGAN.py:313: The name tf.placeholder is deprecated. Please use tf.compat.v1.placeholder instead.

2022-05-14 17:57:50,534 - tensorflow - WARNING - From tempoGAN.py:358: The name tf.variable_scope is deprecated. Please use tf.compat.v1.variable_scope instead.

2022-05-14 17:57:50,550 - tensorflow - WARNING - From /mnt/c/Work/22-04_tempoGAN_2/tensorflow/tempoGAN/../tools/GAN.py:361: The name tf.get_variable is deprecated. Please use tf.compat.v1.get_variable instead.

2022-05-14 17:57:50,557 - tensorflow - WARNING - 
The TensorFlow contrib module will not be included in TensorFlow 2.0.
For more information, please see:
  * https://github.com/tensorflow/community/blob/master/rfcs/20180907-contrib-sunset.md
  * https://github.com/tensorflow/addons
  * https://github.com/tensorflow/io (for I/O related ops)
If you depend on functionality not listed there, please file an issue.

2022-05-14 17:57:50,783 - tensorflow - WARNING - From /mnt/c/Work/22-04_tempoGAN_2/tensorflow/tempoGAN/../tools/GAN.py:104: The name tf.get_variable_scope is deprecated. Please use tf.compat.v1.get_variable_scope instead.

2022-05-14 17:57:50,784 - tensorflow - WARNING - From /home/martin/miniconda3/envs/tempoGAN/lib/python3.7/site-packages/tensorflow_core/contrib/layers/python/layers/layers.py:650: Layer.apply (from tensorflow.python.keras.engine.base_layer) is deprecated and will be removed in a future version.
Instructions for updating:
Please use `layer.__call__` method instead.
2022-05-14 17:57:51,093 - tensorflow - WARNING - From tempoGAN.py:760: The name tf.ConfigProto is deprecated. Please use tf.compat.v1.ConfigProto instead.

2022-05-14 17:57:51,094 - tensorflow - WARNING - From tempoGAN.py:765: The name tf.InteractiveSession is deprecated. Please use tf.compat.v1.InteractiveSession instead.

2022-05-14 17:57:54,169 - tensorflow - WARNING - From tempoGAN.py:766: The name tf.train.Saver is deprecated. Please use tf.compat.v1.train.Saver instead.

2022-05-14 17:57:54,211 - tensorflow - INFO - Restoring parameters from ../3ddata_gan/test_0000/model_0034.ckpt
